<?xml version="1.0" encoding="UTF-8" ?>
<testsuite failures="1" time="30.89" errors="0" skipped="0" tests="3" name="TestSuite">
  <properties>
[...]
</properties>
  <testcase time="6.595" classname="com.praxis.ejem.test.smoke.SimpleSmokeTest" name="signOn"/>
  <testcase time="12.58" classname="com.praxis.ejem.test.smoke.SimpleSmokeTest" name="casoGenerarComprobante"/>
  <testcase time="7.099" classname="com.praxis.ejem.test.smoke.SimpleSmokeTest" name="casoPersonalizarComprobante">
    <failure message="expected:&lt;Se generó el comprobante exitosamente.&gt; but was:&lt;Confirmación&gt;" type="java.lang.AssertionError">java.lang.AssertionError: expected:&lt;Se generó el comprobante exitosamente.&gt; but was:&lt;Confirmación&gt;
	at org.testng.Assert.fail(Assert.java:89)
	at org.testng.Assert.failNotEquals(Assert.java:489)
	at org.testng.Assert.assertEquals(Assert.java:118)
	at org.testng.Assert.assertEquals(Assert.java:171)
	at org.testng.Assert.assertEquals(Assert.java:181)
	at com.praxis.ejem.test.smoke.SimpleSmokeTest.casoPersonalizarComprobante(SimpleSmokeTest.java:46)
</failure>
  </testcase>
</testsuite>